app/build/intermediates/manifest_merge_blame_file/release/manifest-merger-blame-release-report.txt
1<?xml version="1.0" encoding="utf-8"?>
2<manifest xmlns:android="http://schemas.android.com/apk/res/android"
3    package="com.kevinkirwansoftware.capsule"
4    android:versionCode="1"
5    android:versionName="1.0" >
6
7    <uses-sdk
8        android:minSdkVersion="26"
8-->src\main\AndroidManifest.xml
9        android:targetSdkVersion="29" />
9-->src\main\AndroidManifest.xml
10
11    <uses-permission android:name="android.permission.ACCESS_COARSE_LOCATION" />
11-->src\main\AndroidManifest.xml:6:5-81
11-->src\main\AndroidManifest.xml:6:22-78
12    <uses-permission android:name="android.permission.ACCESS_FINE_LOCATION" />
12-->src\main\AndroidManifest.xml:7:5-79
12-->src\main\AndroidManifest.xml:7:22-76
13    <uses-permission android:name="android.permission.RECEIVE_BOOT_COMPLETED" />
13-->src\main\AndroidManifest.xml:8:5-81
13-->src\main\AndroidManifest.xml:8:22-78
14    <uses-permission android:name="android.permission.INTERNET" />
14-->src\main\AndroidManifest.xml:9:5-67
14-->src\main\AndroidManifest.xml:9:22-64
15    <uses-permission android:name="android.permission.USE_FULL_SCREEN_INTENT" />
15-->src\main\AndroidManifest.xml:10:5-81
15-->src\main\AndroidManifest.xml:10:22-78
16    <uses-permission android:name="android.permission.FOREGROUND_SERVICE" />
16-->src\main\AndroidManifest.xml:11:5-77
16-->src\main\AndroidManifest.xml:11:22-74
17    <uses-permission android:name="android.permission.VIBRATE" />
17-->src\main\AndroidManifest.xml:12:5-66
17-->src\main\AndroidManifest.xml:12:22-63
18
19    <application
19-->src\main\AndroidManifest.xml:14:5-56:19
20        android:name="com.kevinkirwansoftware.capsule.general.ChannelGenerator"
20-->src\main\AndroidManifest.xml:15:9-49
21        android:allowBackup="true"
21-->src\main\AndroidManifest.xml:16:9-35
22        android:appComponentFactory="androidx.core.app.CoreComponentFactory"
22-->[androidx.core:core:1.6.0-alpha02] AndroidManifest.xml:24:18-86
23        android:extractNativeLibs="false"
24        android:icon="@mipmap/ic_launcher"
24-->src\main\AndroidManifest.xml:17:9-43
25        android:label="@string/app_name"
25-->src\main\AndroidManifest.xml:18:9-41
26        android:roundIcon="@mipmap/ic_launcher_round"
26-->src\main\AndroidManifest.xml:19:9-54
27        android:supportsRtl="true"
27-->src\main\AndroidManifest.xml:20:9-35
28        android:theme="@style/AppTheme"
28-->src\main\AndroidManifest.xml:21:9-40
29        android:usesCleartextTraffic="true" >
29-->src\main\AndroidManifest.xml:22:9-44
30        <activity
30-->src\main\AndroidManifest.xml:24:9-28:63
31            android:name="com.kevinkirwansoftware.capsule.throwaway.ThrowawayActivity"
31-->src\main\AndroidManifest.xml:25:13-56
32            android:configChanges="orientation|keyboardHidden|screenSize"
32-->src\main\AndroidManifest.xml:26:13-74
33            android:label="@string/title_activity_wake_up"
33-->src\main\AndroidManifest.xml:27:13-59
34            android:theme="@style/FullscreenTheme" />
34-->src\main\AndroidManifest.xml:28:13-51
35        <activity
35-->src\main\AndroidManifest.xml:29:9-38:20
36            android:name="com.kevinkirwansoftware.capsule.general.MainActivity"
36-->src\main\AndroidManifest.xml:30:13-49
37            android:screenOrientation="portrait"
37-->src\main\AndroidManifest.xml:31:13-49
38            android:theme="@style/AppTheme.NoActionBar" >
38-->src\main\AndroidManifest.xml:32:13-56
39            <intent-filter>
39-->src\main\AndroidManifest.xml:33:13-37:29
40                <action android:name="android.intent.action.MAIN" />
40-->src\main\AndroidManifest.xml:34:17-69
40-->src\main\AndroidManifest.xml:34:25-66
41
42                <category android:name="android.intent.category.LAUNCHER" />
42-->src\main\AndroidManifest.xml:36:17-77
42-->src\main\AndroidManifest.xml:36:27-74
43            </intent-filter>
44        </activity>
45
46        <service
46-->src\main\AndroidManifest.xml:40:9-42:72
47            android:name="com.kevinkirwansoftware.capsule.notifications.ReminderCheckJobService"
47-->src\main\AndroidManifest.xml:41:13-66
48            android:permission="android.permission.BIND_JOB_SERVICE" />
48-->src\main\AndroidManifest.xml:42:13-69
49        <service android:name="com.kevinkirwansoftware.capsule.throwaway.ThrowawayService" />
49-->src\main\AndroidManifest.xml:44:9-62
49-->src\main\AndroidManifest.xml:44:18-60
50
51        <meta-data
51-->src\main\AndroidManifest.xml:48:9-50:57
52            android:name="preloaded_fonts"
52-->src\main\AndroidManifest.xml:49:13-43
53            android:resource="@array/preloaded_fonts" />
53-->src\main\AndroidManifest.xml:50:13-54
54
55        <receiver android:name="com.kevinkirwansoftware.capsule.notifications.ReminderBroadcast" />
55-->src\main\AndroidManifest.xml:52:9-69
55-->src\main\AndroidManifest.xml:52:19-66
56        <receiver android:name="com.kevinkirwansoftware.capsule.notifications.NotificationReceiver" />
56-->src\main\AndroidManifest.xml:53:9-72
56-->src\main\AndroidManifest.xml:53:19-69
57        <receiver android:name="com.kevinkirwansoftware.capsule.notifications.ThrowawayBroadcast" />
57-->src\main\AndroidManifest.xml:54:9-70
57-->src\main\AndroidManifest.xml:54:19-67
58        <receiver android:name="com.kevinkirwansoftware.capsule.notifications.NotificationClickedBroadcast" />
58-->src\main\AndroidManifest.xml:55:9-80
58-->src\main\AndroidManifest.xml:55:19-77
59
60        <activity
60-->[com.google.android.gms:play-services-base:17.5.0] AndroidManifest.xml:23:9-26:75
61            android:name="com.google.android.gms.common.api.GoogleApiActivity"
61-->[com.google.android.gms:play-services-base:17.5.0] AndroidManifest.xml:24:13-79
62            android:exported="false"
62-->[com.google.android.gms:play-services-base:17.5.0] AndroidManifest.xml:25:13-37
63            android:theme="@android:style/Theme.Translucent.NoTitleBar" />
63-->[com.google.android.gms:play-services-base:17.5.0] AndroidManifest.xml:26:13-72
64
65        <meta-data
65-->[com.google.android.gms:play-services-basement:17.5.0] AndroidManifest.xml:23:9-25:69
66            android:name="com.google.android.gms.version"
66-->[com.google.android.gms:play-services-basement:17.5.0] AndroidManifest.xml:24:13-58
67            android:value="@integer/google_play_services_version" />
67-->[com.google.android.gms:play-services-basement:17.5.0] AndroidManifest.xml:25:13-66
68    </application>
69
70</manifest>